[debug] [2025-09-16T18:36:02.426Z] ----------------------------------------------------------------------
[debug] [2025-09-16T18:36:02.430Z] Command:       /usr/local/bin/node /workspaces/sincroapp/node_modules/.bin/firebase emulators:start --only functions,auth,firestore
[debug] [2025-09-16T18:36:02.431Z] CLI Version:   13.35.1
[debug] [2025-09-16T18:36:02.432Z] Platform:      linux
[debug] [2025-09-16T18:36:02.433Z] Node Version:  v20.2.0
[debug] [2025-09-16T18:36:02.433Z] Time:          Tue Sep 16 2025 18:36:02 GMT+0000 (Coordinated Universal Time)
[debug] [2025-09-16T18:36:02.433Z] ----------------------------------------------------------------------
[debug] 
[debug] [2025-09-16T18:36:03.024Z] > command requires scopes: ["email","openid","https://www.googleapis.com/auth/cloudplatformprojects.readonly","https://www.googleapis.com/auth/firebase","https://www.googleapis.com/auth/cloud-platform"]
[debug] [2025-09-16T18:36:03.025Z] > authorizing via signed-in user (studiomalickovski@gmail.com)
[debug] [2025-09-16T18:36:03.193Z] openjdk version "17.0.16" 2025-07-15
OpenJDK Runtime Environment (build 17.0.16+8-Debian-1deb11u1)

[debug] [2025-09-16T18:36:03.195Z] OpenJDK 64-Bit Server VM (build 17.0.16+8-Debian-1deb11u1, mixed mode, sharing)

[debug] [2025-09-16T18:36:03.204Z] Parsed Java major version: 17
[info] i  emulators: Starting emulators: auth, functions, firestore {"metadata":{"emulator":{"name":"hub"},"message":"Starting emulators: auth, functions, firestore"}}
[debug] [2025-09-16T18:36:03.215Z] [logging] Logging Emulator only supports listening on one address (127.0.0.1). Not listening on ::1
[debug] [2025-09-16T18:36:03.216Z] [auth] Authentication Emulator only supports listening on one address (127.0.0.1). Not listening on ::1
[debug] [2025-09-16T18:36:03.216Z] [firestore] Firestore Emulator only supports listening on one address (127.0.0.1). Not listening on ::1
[debug] [2025-09-16T18:36:03.216Z] [firestore.websocket] websocket server for firestore only supports listening on one address (127.0.0.1). Not listening on ::1
[debug] [2025-09-16T18:36:03.217Z] assigned listening specs for emulators {"user":{"hub":[{"address":"127.0.0.1","family":"IPv4","port":4400},{"address":"::1","family":"IPv6","port":4400}],"ui":[{"address":"127.0.0.1","family":"IPv4","port":4000},{"address":"::1","family":"IPv6","port":4000}],"logging":[{"address":"127.0.0.1","family":"IPv4","port":4500}],"auth":[{"address":"127.0.0.1","family":"IPv4","port":9099}],"firestore":[{"address":"127.0.0.1","family":"IPv4","port":8080}],"firestore.websocket":[{"address":"127.0.0.1","family":"IPv4","port":9150}]},"metadata":{"message":"assigned listening specs for emulators"}}
[debug] [2025-09-16T18:36:03.232Z] [hub] writing locator at /tmp/hub-sincroapp-529cc.json
[debug] [2025-09-16T18:36:03.249Z] [functions] Functions Emulator only supports listening on one address (127.0.0.1). Not listening on ::1
[debug] [2025-09-16T18:36:03.251Z] [eventarc] Eventarc Emulator only supports listening on one address (127.0.0.1). Not listening on ::1
[debug] [2025-09-16T18:36:03.252Z] [tasks] Cloud Tasks Emulator only supports listening on one address (127.0.0.1). Not listening on ::1
[debug] [2025-09-16T18:36:03.252Z] late-assigned ports for functions and eventarc emulators {"user":{"hub":[{"address":"127.0.0.1","family":"IPv4","port":4400},{"address":"::1","family":"IPv6","port":4400}],"ui":[{"address":"127.0.0.1","family":"IPv4","port":4000},{"address":"::1","family":"IPv6","port":4000}],"logging":[{"address":"127.0.0.1","family":"IPv4","port":4500}],"auth":[{"address":"127.0.0.1","family":"IPv4","port":9099}],"firestore":[{"address":"127.0.0.1","family":"IPv4","port":8080}],"firestore.websocket":[{"address":"127.0.0.1","family":"IPv4","port":9150}],"functions":[{"address":"127.0.0.1","family":"IPv4","port":5001}],"eventarc":[{"address":"127.0.0.1","family":"IPv4","port":9299}],"tasks":[{"address":"127.0.0.1","family":"IPv4","port":9499}]},"metadata":{"message":"late-assigned ports for functions and eventarc emulators"}}
[warn] ⚠  functions: The following emulators are not running, calls to these services from the Functions emulator will affect production: apphosting, database, hosting, pubsub, storage, dataconnect {"metadata":{"emulator":{"name":"functions"},"message":"The following emulators are not running, calls to these services from the Functions emulator will affect production: \u001b[1mapphosting, database, hosting, pubsub, storage, dataconnect\u001b[22m"}}
[debug] [2025-09-16T18:36:03.297Z] defaultcredentials: writing to file /home/node/.config/firebase/studiomalickovski_gmail_com_application_default_credentials.json
[debug] [2025-09-16T18:36:03.304Z] Setting GAC to /home/node/.config/firebase/studiomalickovski_gmail_com_application_default_credentials.json {"metadata":{"emulator":{"name":"functions"},"message":"Setting GAC to /home/node/.config/firebase/studiomalickovski_gmail_com_application_default_credentials.json"}}
[debug] [2025-09-16T18:36:03.306Z] Checked if tokens are valid: true, expires at: 1758050900039
[debug] [2025-09-16T18:36:03.307Z] Checked if tokens are valid: true, expires at: 1758050900039
[debug] [2025-09-16T18:36:03.309Z] >>> [apiv2][query] GET https://firebase.googleapis.com/v1beta1/projects/sincroapp-529cc/adminSdkConfig [none]
[debug] [2025-09-16T18:36:03.887Z] <<< [apiv2][status] GET https://firebase.googleapis.com/v1beta1/projects/sincroapp-529cc/adminSdkConfig 200
[debug] [2025-09-16T18:36:03.888Z] <<< [apiv2][body] GET https://firebase.googleapis.com/v1beta1/projects/sincroapp-529cc/adminSdkConfig {"projectId":"sincroapp-529cc","storageBucket":"sincroapp-529cc.firebasestorage.app"}
[debug] [2025-09-16T18:36:03.942Z] Ignoring unsupported arg: auto_download {"metadata":{"emulator":{"name":"firestore"},"message":"Ignoring unsupported arg: auto_download"}}
[debug] [2025-09-16T18:36:03.943Z] Ignoring unsupported arg: single_project_mode_error {"metadata":{"emulator":{"name":"firestore"},"message":"Ignoring unsupported arg: single_project_mode_error"}}
[debug] [2025-09-16T18:36:03.944Z] Starting Firestore Emulator with command {"binary":"java","args":["-Dgoogle.cloud_firestore.debug_log_level=FINE","-Duser.language=en","-jar","/home/node/.cache/firebase/emulators/cloud-firestore-emulator-v1.19.8.jar","--host","127.0.0.1","--port",8080,"--websocket_port",9150,"--project_id","sincroapp-529cc","--rules","/workspaces/sincroapp/firestore.rules","--single_project_mode",true,"--functions_emulator","127.0.0.1:5001"],"optionalArgs":["port","webchannel_port","host","rules","websocket_port","functions_emulator","seed_from_export","project_id","single_project_mode"],"joinArgs":false,"shell":false,"port":8080} {"metadata":{"emulator":{"name":"firestore"},"message":"Starting Firestore Emulator with command {\"binary\":\"java\",\"args\":[\"-Dgoogle.cloud_firestore.debug_log_level=FINE\",\"-Duser.language=en\",\"-jar\",\"/home/node/.cache/firebase/emulators/cloud-firestore-emulator-v1.19.8.jar\",\"--host\",\"127.0.0.1\",\"--port\",8080,\"--websocket_port\",9150,\"--project_id\",\"sincroapp-529cc\",\"--rules\",\"/workspaces/sincroapp/firestore.rules\",\"--single_project_mode\",true,\"--functions_emulator\",\"127.0.0.1:5001\"],\"optionalArgs\":[\"port\",\"webchannel_port\",\"host\",\"rules\",\"websocket_port\",\"functions_emulator\",\"seed_from_export\",\"project_id\",\"single_project_mode\"],\"joinArgs\":false,\"shell\":false,\"port\":8080}"}}
[info] i  firestore: Firestore Emulator logging to firestore-debug.log {"metadata":{"emulator":{"name":"firestore"},"message":"Firestore Emulator logging to \u001b[1mfirestore-debug.log\u001b[22m"}}
[debug] [2025-09-16T18:36:07.863Z] Sep 16, 2025 6:36:07 PM com.google.cloud.datastore.emulator.firestore.websocket.WebSocketServer start
INFO: Started WebSocket server on ws://127.0.0.1:9150
 {"metadata":{"emulator":{"name":"firestore"},"message":"Sep 16, 2025 6:36:07 PM com.google.cloud.datastore.emulator.firestore.websocket.WebSocketServer start\nINFO: Started WebSocket server on ws://127.0.0.1:9150\n"}}
[debug] [2025-09-16T18:36:07.921Z] API endpoint: http://127.0.0.1:8080 {"metadata":{"emulator":{"name":"firestore"},"message":"API endpoint: http://127.0.0.1:8080"}}
[debug] [2025-09-16T18:36:07.923Z] 
If you are using a library that supports the FIRESTORE_EMULATOR_HOST environment variable, run:

   export FIRESTORE_EMULATOR_HOST=127.0.0.1:8080

If you are running a Firestore in Datastore Mode project, run:

   export DATASTORE_EMULATOR_HOST=127.0.0.1:8080

Note: Support for Datastore Mode is in preview. If you encounter any bugs please file at https://github.com/firebase/firebase-tools/issues.
Dev App Server is now running.

 {"metadata":{"emulator":{"name":"firestore"},"message":"\nIf you are using a library that supports the FIRESTORE_EMULATOR_HOST environment variable, run:\n\n   export FIRESTORE_EMULATOR_HOST=127.0.0.1:8080\n\nIf you are running a Firestore in Datastore Mode project, run:\n\n   export DATASTORE_EMULATOR_HOST=127.0.0.1:8080\n\nNote: Support for Datastore Mode is in preview. If you encounter any bugs please file at https://github.com/firebase/firebase-tools/issues.\nDev App Server is now running.\n\n"}}
[info] ✔  firestore: Firestore Emulator UI websocket is running on 9150. {"metadata":{"emulator":{"name":"firestore"},"message":"Firestore Emulator UI websocket is running on 9150."}}
[info] i  functions: Watching "/workspaces/sincroapp/functions" for Cloud Functions... {"metadata":{"emulator":{"name":"functions"},"message":"Watching \"/workspaces/sincroapp/functions\" for Cloud Functions..."}}
[debug] [2025-09-16T18:36:26.410Z] Validating nodejs source
[warn] ⚠  functions: package.json indicates an outdated version of firebase-functions. Please upgrade using npm install --save firebase-functions@latest in your functions directory. 
[warn] ⚠  functions: Please note that there will be breaking changes when you upgrade. 
[debug] [2025-09-16T18:36:28.478Z] > [functions] package.json contents: {
  "name": "functions",
  "description": "Cloud Functions for Firebase",
  "scripts": {
    "lint": "eslint .",
    "serve": "firebase emulators:start --only functions",
    "shell": "firebase functions:shell",
    "start": "npm run shell",
    "deploy": "firebase deploy --only functions",
    "logs": "firebase functions:log"
  },
  "engines": {
    "node": "18"
  },
  "main": "index.js",
  "dependencies": {
    "axios": "^1.7.2",
    "firebase-admin": "^11.11.1",
    "firebase-functions": "^4.9.0"
  },
  "devDependencies": {
    "eslint": "^8.15.0",
    "eslint-config-google": "^0.14.0"
  },
  "private": true
}
[debug] [2025-09-16T18:36:28.487Z] Building nodejs source
[debug] [2025-09-16T18:36:28.491Z] Failed to find version of module node: reached end of search path /workspaces/sincroapp/functions/node_modules
[warn] ⚠  functions: Your requested "node" version "18" doesn't match your global version "20". Using node@20 from host. 
[info] i  functions: You are using a version of firebase-functions SDK (4.9.0) that does not have support for the newest Firebase Extensions features. Please update firebase-functions SDK to >=5.1.0 to use them correctly 
[debug] [2025-09-16T18:36:28.562Z] Could not find functions.yaml. Must use http discovery
[debug] [2025-09-16T18:36:28.642Z] Found firebase-functions binary at '/workspaces/sincroapp/functions/node_modules/.bin/firebase-functions'
[info] Serving at port 8278

[debug] [2025-09-16T18:36:58.073Z] Got response from /__/functions.yaml {"endpoints":{"onUserCreate":{"platform":"gcfv1","availableMemoryMb":null,"timeoutSeconds":null,"minInstances":null,"maxInstances":null,"ingressSettings":null,"serviceAccountEmail":null,"vpc":null,"eventTrigger":{"eventType":"providers/firebase.auth/eventTypes/user.create","eventFilters":{"resource":"projects/sincroapp-529cc"},"retry":false},"labels":{},"entryPoint":"onUserCreate"},"onUserUpdate":{"platform":"gcfv1","availableMemoryMb":null,"timeoutSeconds":null,"minInstances":null,"maxInstances":null,"ingressSettings":null,"serviceAccountEmail":null,"vpc":null,"eventTrigger":{"eventType":"providers/cloud.firestore/eventTypes/document.update","eventFilters":{"resource":"projects/sincroapp-529cc/databases/(default)/documents/users/{userId}"},"retry":false},"labels":{},"entryPoint":"onUserUpdate"}},"specVersion":"v1alpha1","requiredAPIs":[]}
[info] ✔  functions: Loaded functions definitions from source: onUserCreate, onUserUpdate. {"metadata":{"emulator":{"name":"functions"},"message":"Loaded functions definitions from source: onUserCreate, onUserUpdate."}}
[debug] [2025-09-16T18:37:03.117Z] addAuthTrigger {"eventTrigger":{"eventType":"providers/firebase.auth/eventTypes/user.create","resource":"projects/sincroapp-529cc"}}
[info] ✔  functions[us-central1-onUserCreate]: auth function initialized. {"metadata":{"emulator":{"name":"functions"},"message":"\u001b[1mauth\u001b[22m function initialized."}}
[debug] [2025-09-16T18:37:03.118Z] addFirestoreTrigger "{\"eventTrigger\":{\"eventType\":\"providers/cloud.firestore/eventTypes/document.update\",\"resource\":\"projects/sincroapp-529cc/databases/(default)/documents/users/{userId}\",\"service\":\"firestore.googleapis.com\"}}"
[debug] [2025-09-16T18:37:03.118Z] >>> [apiv2][query] PUT http://127.0.0.1:8080/emulator/v1/projects/sincroapp-529cc/triggers/us-central1-onUserUpdate-0 [none]
[debug] [2025-09-16T18:37:03.118Z] >>> [apiv2][body] PUT http://127.0.0.1:8080/emulator/v1/projects/sincroapp-529cc/triggers/us-central1-onUserUpdate-0 "{\"eventTrigger\":{\"eventType\":\"providers/cloud.firestore/eventTypes/document.update\",\"resource\":\"projects/sincroapp-529cc/databases/(default)/documents/users/{userId}\",\"service\":\"firestore.googleapis.com\"}}"
[debug] [2025-09-16T18:37:03.135Z] Sep 16, 2025 6:37:03 PM io.gapi.emulators.netty.HttpVersionRoutingHandler channelRead
INFO: Detected non-HTTP/2 connection.
 {"metadata":{"emulator":{"name":"firestore"},"message":"Sep 16, 2025 6:37:03 PM io.gapi.emulators.netty.HttpVersionRoutingHandler channelRead\nINFO: Detected non-HTTP/2 connection.\n"}}
[debug] [2025-09-16T18:37:03.447Z] Sep 16, 2025 6:37:03 PM io.gapi.emulators.netty.HttpVersionRoutingHandler channelRead
INFO: Detected HTTP/2 connection.
 {"metadata":{"emulator":{"name":"firestore"},"message":"Sep 16, 2025 6:37:03 PM io.gapi.emulators.netty.HttpVersionRoutingHandler channelRead\nINFO: Detected HTTP/2 connection.\n"}}
[debug] [2025-09-16T18:37:04.624Z] <<< [apiv2][status] PUT http://127.0.0.1:8080/emulator/v1/projects/sincroapp-529cc/triggers/us-central1-onUserUpdate-0 200
[debug] [2025-09-16T18:37:04.624Z] <<< [apiv2][body] PUT http://127.0.0.1:8080/emulator/v1/projects/sincroapp-529cc/triggers/us-central1-onUserUpdate-0 {}
[info] ✔  functions[us-central1-onUserUpdate]: firestore function initialized. {"metadata":{"emulator":{"name":"functions"},"message":"\u001b[1mfirestore\u001b[22m function initialized."}}
[debug] [2025-09-16T18:37:04.637Z] Could not find VSCode notification endpoint: FetchError: request to http://localhost:40001/vscode/notify failed, reason: connect ECONNREFUSED 127.0.0.1:40001. If you are not running the Firebase Data Connect VSCode extension, this is expected and not an issue.
[info] 
┌─────────────────────────────────────────────────────────────┐
│ ✔  All emulators ready! It is now safe to connect your app. │
│ i  View Emulator UI at http://127.0.0.1:4000/               │
└─────────────────────────────────────────────────────────────┘

┌────────────────┬────────────────┬─────────────────────────────────┐
│ Emulator       │ Host:Port      │ View in Emulator UI             │
├────────────────┼────────────────┼─────────────────────────────────┤
│ Authentication │ 127.0.0.1:9099 │ http://127.0.0.1:4000/auth      │
├────────────────┼────────────────┼─────────────────────────────────┤
│ Functions      │ 127.0.0.1:5001 │ http://127.0.0.1:4000/functions │
├────────────────┼────────────────┼─────────────────────────────────┤
│ Firestore      │ 127.0.0.1:8080 │ http://127.0.0.1:4000/firestore │
└────────────────┴────────────────┴─────────────────────────────────┘
  Emulator Hub host: 127.0.0.1 port: 4400
  Other reserved ports: 4500, 9150

Issues? Report them at https://github.com/firebase/firebase-tools/issues and attach the *-debug.log files.
 
[debug] [2025-09-16T19:04:53.962Z] >>> [apiv2][query] POST http://127.0.0.1:5001/functions/projects/sincroapp-529cc/trigger_multicast [none]
[debug] [2025-09-16T19:04:53.993Z] >>> [apiv2][body] POST http://127.0.0.1:5001/functions/projects/sincroapp-529cc/trigger_multicast {"eventId":"5161f30d-97a9-4783-9a1d-32f66f1a5ef0","eventType":"providers/firebase.auth/eventTypes/user.create","resource":{"name":"projects/sincroapp-529cc","service":"firebaseauth.googleapis.com"},"params":{},"timestamp":"2025-09-16T19:04:53.940Z","data":{"uid":"qO6incOlf2fNB8Losmgoi9FCwMtY","email":"gui.malickovski@gmail.com","emailVerified":false,"metadata":{"creationTime":"2025-09-16T19:04:53.913Z","lastSignInTime":"2025-09-16T19:04:53.913Z"},"customClaims":{},"providerData":[{"providerId":"password","email":"gui.malickovski@gmail.com","federatedId":"gui.malickovski@gmail.com","rawId":"gui.malickovski@gmail.com"}]}}
[debug] [2025-09-16T19:04:54.152Z] [work-queue] {"queuedWork":["us-central1-onUserCreate-0-2025-09-16T19:04:54.145Z"],"queueLength":1,"runningWork":[],"workRunningCount":0}
[debug] [2025-09-16T19:04:54.176Z] [work-queue] {"queuedWork":[],"queueLength":0,"runningWork":["us-central1-onUserCreate-0-2025-09-16T19:04:54.145Z"],"workRunningCount":1}
[debug] [2025-09-16T19:04:54.178Z] [work-queue] {"queuedWork":[],"queueLength":0,"runningWork":[],"workRunningCount":0}
[debug] [2025-09-16T19:04:54.217Z] <<< [apiv2][status] POST http://127.0.0.1:5001/functions/projects/sincroapp-529cc/trigger_multicast 200
[debug] [2025-09-16T19:04:54.218Z] <<< [apiv2][body] POST http://127.0.0.1:5001/functions/projects/sincroapp-529cc/trigger_multicast {"status":"multicast_acknowledged"}
[debug] [2025-09-16T19:04:54.283Z] [work-queue] {"queuedWork":["/functions/projects/sincroapp-529cc/triggers/us-central1-onUserCreate-0-2025-09-16T19:04:54.283Z"],"queueLength":1,"runningWork":[],"workRunningCount":0}
[debug] [2025-09-16T19:04:54.283Z] [work-queue] {"queuedWork":[],"queueLength":0,"runningWork":["/functions/projects/sincroapp-529cc/triggers/us-central1-onUserCreate-0-2025-09-16T19:04:54.283Z"],"workRunningCount":1}
[debug] [2025-09-16T19:04:54.289Z] Accepted request POST /functions/projects/sincroapp-529cc/triggers/us-central1-onUserCreate-0 --> us-central1-onUserCreate-0
[debug] [2025-09-16T19:04:54.372Z] [functions] Runtime ready! Sending request! {"metadata":{"emulator":{"name":"functions"},"message":"[functions] Runtime ready! Sending request!"}}
[debug] [2025-09-16T19:04:54.381Z] [functions] Got req.url=/functions/projects/sincroapp-529cc/triggers/us-central1-onUserCreate-0, mapping to path=/functions/projects/ {"metadata":{"emulator":{"name":"functions"},"message":"[functions] Got req.url=/functions/projects/sincroapp-529cc/triggers/us-central1-onUserCreate-0, mapping to path=/functions/projects/"}}
[debug] [2025-09-16T19:04:54.524Z] [worker-pool] addWorker(us-central1-onUserCreate) {"metadata":{"emulator":{"name":"functions"},"message":"[worker-pool] addWorker(us-central1-onUserCreate)"}}
[debug] [2025-09-16T19:04:54.529Z] [worker-pool] Adding worker with key us-central1-onUserCreate, total=1 {"metadata":{"emulator":{"name":"functions"},"message":"[worker-pool] Adding worker with key us-central1-onUserCreate, total=1"}}
[debug] [2025-09-16T19:04:56.090Z] Sep 16, 2025 7:04:56 PM io.gapi.emulators.netty.HttpVersionRoutingHandler channelRead
INFO: Detected non-HTTP/2 connection.
 {"metadata":{"emulator":{"name":"firestore"},"message":"Sep 16, 2025 7:04:56 PM io.gapi.emulators.netty.HttpVersionRoutingHandler channelRead\nINFO: Detected non-HTTP/2 connection.\n"}}
[debug] [2025-09-16T19:05:01.306Z] Sep 16, 2025 7:05:01 PM io.gapi.emulators.netty.HttpVersionRoutingHandler channelRead
INFO: Detected non-HTTP/2 connection.
 {"metadata":{"emulator":{"name":"firestore"},"message":"Sep 16, 2025 7:05:01 PM io.gapi.emulators.netty.HttpVersionRoutingHandler channelRead\nINFO: Detected non-HTTP/2 connection.\n"}}
[debug] [2025-09-16T19:05:02.726Z] Sep 16, 2025 7:05:02 PM io.gapi.emulators.netty.HttpVersionRoutingHandler channelRead
INFO: Detected non-HTTP/2 connection.
 {"metadata":{"emulator":{"name":"firestore"},"message":"Sep 16, 2025 7:05:02 PM io.gapi.emulators.netty.HttpVersionRoutingHandler channelRead\nINFO: Detected non-HTTP/2 connection.\n"}}
[debug] [2025-09-16T19:05:12.066Z] Sep 16, 2025 7:05:12 PM io.gapi.emulators.netty.HttpVersionRoutingHandler channelRead
INFO: Detected non-HTTP/2 connection.
 {"metadata":{"emulator":{"name":"firestore"},"message":"Sep 16, 2025 7:05:12 PM io.gapi.emulators.netty.HttpVersionRoutingHandler channelRead\nINFO: Detected non-HTTP/2 connection.\n"}}
[debug] [2025-09-16T19:05:13.358Z] Sep 16, 2025 7:05:13 PM io.gapi.emulators.netty.HttpVersionRoutingHandler channelRead
INFO: Detected non-HTTP/2 connection.
 {"metadata":{"emulator":{"name":"firestore"},"message":"Sep 16, 2025 7:05:13 PM io.gapi.emulators.netty.HttpVersionRoutingHandler channelRead\nINFO: Detected non-HTTP/2 connection.\n"}}
[debug] [2025-09-16T19:05:14.277Z] Sep 16, 2025 7:05:14 PM io.gapi.emulators.netty.HttpVersionRoutingHandler channelRead
INFO: Detected non-HTTP/2 connection.
 {"metadata":{"emulator":{"name":"firestore"},"message":"Sep 16, 2025 7:05:14 PM io.gapi.emulators.netty.HttpVersionRoutingHandler channelRead\nINFO: Detected non-HTTP/2 connection.\n"}}
[error] ⬢  functions: Failed to handle request for function us-central1-onUserCreate {"metadata":{"emulator":{"name":"functions"},"message":"Failed to handle request for function us-central1-onUserCreate"}}
[error] ⬢  functions: Failed to start functions in /workspaces/sincroapp/functions: FirebaseError: Failed to load function. {"metadata":{"emulator":{"name":"functions"},"message":"Failed to start functions in /workspaces/sincroapp/functions: FirebaseError: Failed to load function."}}
[debug] [2025-09-16T19:05:54.570Z] [work-queue] {"queuedWork":[],"queueLength":0,"runningWork":[],"workRunningCount":0}
[debug] [2025-09-16T19:06:00.120Z] Sep 16, 2025 7:06:00 PM io.gapi.emulators.netty.HttpVersionRoutingHandler channelRead
INFO: Detected non-HTTP/2 connection.
 {"metadata":{"emulator":{"name":"firestore"},"message":"Sep 16, 2025 7:06:00 PM io.gapi.emulators.netty.HttpVersionRoutingHandler channelRead\nINFO: Detected non-HTTP/2 connection.\n"}}
[debug] [2025-09-16T19:06:00.121Z] Sep 16, 2025 7:06:00 PM io.gapi.emulators.netty.HttpVersionRoutingHandler channelRead
INFO: Detected non-HTTP/2 connection.
 {"metadata":{"emulator":{"name":"firestore"},"message":"Sep 16, 2025 7:06:00 PM io.gapi.emulators.netty.HttpVersionRoutingHandler channelRead\nINFO: Detected non-HTTP/2 connection.\n"}}
[debug] [2025-09-16T19:06:00.207Z] Sep 16, 2025 7:06:00 PM com.google.cloud.datastore.emulator.firestore.webchannel.FirestoreV1WebChannelAdapter$FirestoreWriteHandler onClose
INFO: channel closed
 {"metadata":{"emulator":{"name":"firestore"},"message":"Sep 16, 2025 7:06:00 PM com.google.cloud.datastore.emulator.firestore.webchannel.FirestoreV1WebChannelAdapter$FirestoreWriteHandler onClose\nINFO: channel closed\n"}}
[debug] [2025-09-16T19:06:00.209Z] Sep 16, 2025 7:06:00 PM com.google.cloud.datastore.emulator.firestore.webchannel.FirestoreV1WebChannelAdapter$FirestoreListenHandler onClose
INFO: channel closed
 {"metadata":{"emulator":{"name":"firestore"},"message":"Sep 16, 2025 7:06:00 PM com.google.cloud.datastore.emulator.firestore.webchannel.FirestoreV1WebChannelAdapter$FirestoreListenHandler onClose\nINFO: channel closed\n"}}
[debug] [2025-09-16T19:06:11.088Z] [runtime-status] [74488] Resolved module firebase-admin {"declared":true,"installed":true,"version":"11.11.1","resolution":"/workspaces/sincroapp/functions/node_modules/firebase-admin/lib/index.js"} {"metadata":{"emulator":{"name":"functions"},"function":{"name":"us-central1-onUserCreate"},"extension":{},"message":"[runtime-status] [74488] Resolved module firebase-admin {\"declared\":true,\"installed\":true,\"version\":\"11.11.1\",\"resolution\":\"/workspaces/sincroapp/functions/node_modules/firebase-admin/lib/index.js\"}"}}
[debug] [2025-09-16T19:06:11.200Z] [runtime-status] [74488] Resolved module firebase-functions {"declared":true,"installed":true,"version":"4.9.0","resolution":"/workspaces/sincroapp/functions/node_modules/firebase-functions/lib/v1/index.js"} {"metadata":{"emulator":{"name":"functions"},"function":{"name":"us-central1-onUserCreate"},"extension":{},"message":"[runtime-status] [74488] Resolved module firebase-functions {\"declared\":true,\"installed\":true,\"version\":\"4.9.0\",\"resolution\":\"/workspaces/sincroapp/functions/node_modules/firebase-functions/lib/v1/index.js\"}"}}
[debug] [2025-09-16T19:06:11.202Z] [runtime-status] [74488] Outgoing network have been stubbed. [{"name":"http","status":"mocked"},{"name":"http","status":"mocked"},{"name":"https","status":"mocked"},{"name":"https","status":"mocked"},{"name":"net","status":"mocked"}] {"metadata":{"emulator":{"name":"functions"},"function":{"name":"us-central1-onUserCreate"},"extension":{},"message":"[runtime-status] [74488] Outgoing network have been stubbed. [{\"name\":\"http\",\"status\":\"mocked\"},{\"name\":\"http\",\"status\":\"mocked\"},{\"name\":\"https\",\"status\":\"mocked\"},{\"name\":\"https\",\"status\":\"mocked\"},{\"name\":\"net\",\"status\":\"mocked\"}]"}}
[debug] [2025-09-16T19:06:11.269Z] [runtime-status] [74488] Resolved module firebase-functions {"declared":true,"installed":true,"version":"4.9.0","resolution":"/workspaces/sincroapp/functions/node_modules/firebase-functions/lib/v1/index.js"} {"metadata":{"emulator":{"name":"functions"},"function":{"name":"us-central1-onUserCreate"},"extension":{},"message":"[runtime-status] [74488] Resolved module firebase-functions {\"declared\":true,\"installed\":true,\"version\":\"4.9.0\",\"resolution\":\"/workspaces/sincroapp/functions/node_modules/firebase-functions/lib/v1/index.js\"}"}}
[debug] [2025-09-16T19:06:32.813Z] [runtime-status] [74488] Checked functions.config() {"config":{}} {"metadata":{"emulator":{"name":"functions"},"function":{"name":"us-central1-onUserCreate"},"extension":{},"message":"[runtime-status] [74488] Checked functions.config() {\"config\":{}}"}}
[debug] [2025-09-16T19:06:32.814Z] [runtime-status] [74488] firebase-functions has been stubbed. {"functionsResolution":{"declared":true,"installed":true,"version":"4.9.0","resolution":"/workspaces/sincroapp/functions/node_modules/firebase-functions/lib/v1/index.js"}} {"metadata":{"emulator":{"name":"functions"},"function":{"name":"us-central1-onUserCreate"},"extension":{},"message":"[runtime-status] [74488] firebase-functions has been stubbed. {\"functionsResolution\":{\"declared\":true,\"installed\":true,\"version\":\"4.9.0\",\"resolution\":\"/workspaces/sincroapp/functions/node_modules/firebase-functions/lib/v1/index.js\"}}"}}
[debug] [2025-09-16T19:06:32.885Z] [runtime-status] [74488] Resolved module firebase-functions {"declared":true,"installed":true,"version":"4.9.0","resolution":"/workspaces/sincroapp/functions/node_modules/firebase-functions/lib/v1/index.js"} {"metadata":{"emulator":{"name":"functions"},"function":{"name":"us-central1-onUserCreate"},"extension":{},"message":"[runtime-status] [74488] Resolved module firebase-functions {\"declared\":true,\"installed\":true,\"version\":\"4.9.0\",\"resolution\":\"/workspaces/sincroapp/functions/node_modules/firebase-functions/lib/v1/index.js\"}"}}
[debug] [2025-09-16T19:06:33.000Z] [runtime-status] [74488] Resolved module firebase-admin {"declared":true,"installed":true,"version":"11.11.1","resolution":"/workspaces/sincroapp/functions/node_modules/firebase-admin/lib/index.js"} {"metadata":{"emulator":{"name":"functions"},"function":{"name":"us-central1-onUserCreate"},"extension":{},"message":"[runtime-status] [74488] Resolved module firebase-admin {\"declared\":true,\"installed\":true,\"version\":\"11.11.1\",\"resolution\":\"/workspaces/sincroapp/functions/node_modules/firebase-admin/lib/index.js\"}"}}
[debug] [2025-09-16T19:06:33.221Z] [runtime-status] [74488] Resolved module firebase-functions {"declared":true,"installed":true,"version":"4.9.0","resolution":"/workspaces/sincroapp/functions/node_modules/firebase-functions/lib/v1/index.js"} {"metadata":{"emulator":{"name":"functions"},"function":{"name":"us-central1-onUserCreate"},"extension":{},"message":"[runtime-status] [74488] Resolved module firebase-functions {\"declared\":true,\"installed\":true,\"version\":\"4.9.0\",\"resolution\":\"/workspaces/sincroapp/functions/node_modules/firebase-functions/lib/v1/index.js\"}"}}
[debug] [2025-09-16T19:06:33.222Z] [runtime-status] [74488] firebase-admin has been stubbed. {"adminResolution":{"declared":true,"installed":true,"version":"11.11.1","resolution":"/workspaces/sincroapp/functions/node_modules/firebase-admin/lib/index.js"}} {"metadata":{"emulator":{"name":"functions"},"function":{"name":"us-central1-onUserCreate"},"extension":{},"message":"[runtime-status] [74488] firebase-admin has been stubbed. {\"adminResolution\":{\"declared\":true,\"installed\":true,\"version\":\"11.11.1\",\"resolution\":\"/workspaces/sincroapp/functions/node_modules/firebase-admin/lib/index.js\"}}"}}
[debug] [2025-09-16T19:06:36.190Z] [runtime-status] [74488] initializeApp(DEFAULT) {"storageBucket":"sincroapp-529cc.firebasestorage.app","projectId":"sincroapp-529cc"} {"metadata":{"emulator":{"name":"functions"},"function":{"name":"us-central1-onUserCreate"},"extension":{},"message":"[runtime-status] [74488] initializeApp(DEFAULT) {\"storageBucket\":\"sincroapp-529cc.firebasestorage.app\",\"projectId\":\"sincroapp-529cc\"}"}}
[debug] [2025-09-16T19:06:36.415Z] [runtime-status] [74488] Functions runtime initialized. {"cwd":"/workspaces/sincroapp/functions","node_version":"20.2.0"} {"metadata":{"emulator":{"name":"functions"},"function":{"name":"us-central1-onUserCreate"},"extension":{},"message":"[runtime-status] [74488] Functions runtime initialized. {\"cwd\":\"/workspaces/sincroapp/functions\",\"node_version\":\"20.2.0\"}"}}
[debug] [2025-09-16T19:06:36.417Z] [runtime-status] [74488] Listening to port: /tmp/fire_emu_baad5846c0b171f9.sock {"metadata":{"emulator":{"name":"functions"},"function":{"name":"us-central1-onUserCreate"},"extension":{},"message":"[runtime-status] [74488] Listening to port: /tmp/fire_emu_baad5846c0b171f9.sock"}}
[debug] [2025-09-16T19:39:42.504Z] Sep 16, 2025 7:39:42 PM io.gapi.emulators.netty.HttpVersionRoutingHandler channelRead
INFO: Detected non-HTTP/2 connection.
 {"metadata":{"emulator":{"name":"firestore"},"message":"Sep 16, 2025 7:39:42 PM io.gapi.emulators.netty.HttpVersionRoutingHandler channelRead\nINFO: Detected non-HTTP/2 connection.\n"}}
[debug] [2025-09-16T19:39:50.308Z] Sep 16, 2025 7:39:50 PM io.gapi.emulators.netty.HttpVersionRoutingHandler channelRead
INFO: Detected non-HTTP/2 connection.
 {"metadata":{"emulator":{"name":"firestore"},"message":"Sep 16, 2025 7:39:50 PM io.gapi.emulators.netty.HttpVersionRoutingHandler channelRead\nINFO: Detected non-HTTP/2 connection.\n"}}
[debug] [2025-09-16T19:39:52.132Z] Sep 16, 2025 7:39:52 PM io.gapi.emulators.netty.HttpVersionRoutingHandler channelRead
INFO: Detected non-HTTP/2 connection.
 {"metadata":{"emulator":{"name":"firestore"},"message":"Sep 16, 2025 7:39:52 PM io.gapi.emulators.netty.HttpVersionRoutingHandler channelRead\nINFO: Detected non-HTTP/2 connection.\n"}}
[debug] [2025-09-16T19:39:54.301Z] Sep 16, 2025 7:39:54 PM io.gapi.emulators.netty.HttpVersionRoutingHandler channelRead
INFO: Detected non-HTTP/2 connection.
 {"metadata":{"emulator":{"name":"firestore"},"message":"Sep 16, 2025 7:39:54 PM io.gapi.emulators.netty.HttpVersionRoutingHandler channelRead\nINFO: Detected non-HTTP/2 connection.\n"}}
[debug] [2025-09-16T19:39:54.447Z] Sep 16, 2025 7:39:54 PM io.gapi.emulators.netty.HttpVersionRoutingHandler channelRead
INFO: Detected non-HTTP/2 connection.
 {"metadata":{"emulator":{"name":"firestore"},"message":"Sep 16, 2025 7:39:54 PM io.gapi.emulators.netty.HttpVersionRoutingHandler channelRead\nINFO: Detected non-HTTP/2 connection.\n"}}
[debug] [2025-09-16T19:39:55.100Z] Sep 16, 2025 7:39:55 PM io.gapi.emulators.netty.HttpVersionRoutingHandler channelRead
INFO: Detected non-HTTP/2 connection.
 {"metadata":{"emulator":{"name":"firestore"},"message":"Sep 16, 2025 7:39:55 PM io.gapi.emulators.netty.HttpVersionRoutingHandler channelRead\nINFO: Detected non-HTTP/2 connection.\n"}}
[debug] [2025-09-16T19:39:57.827Z] Sep 16, 2025 7:39:57 PM io.gapi.emulators.netty.HttpVersionRoutingHandler channelRead
INFO: Detected non-HTTP/2 connection.
 {"metadata":{"emulator":{"name":"firestore"},"message":"Sep 16, 2025 7:39:57 PM io.gapi.emulators.netty.HttpVersionRoutingHandler channelRead\nINFO: Detected non-HTTP/2 connection.\n"}}
[debug] [2025-09-16T19:40:01.819Z] Sep 16, 2025 7:40:01 PM io.gapi.emulators.netty.HttpVersionRoutingHandler channelRead
INFO: Detected non-HTTP/2 connection.
 {"metadata":{"emulator":{"name":"firestore"},"message":"Sep 16, 2025 7:40:01 PM io.gapi.emulators.netty.HttpVersionRoutingHandler channelRead\nINFO: Detected non-HTTP/2 connection.\n"}}
[debug] [2025-09-16T19:40:02.270Z] Sep 16, 2025 7:40:02 PM io.gapi.emulators.netty.HttpVersionRoutingHandler channelRead
INFO: Detected non-HTTP/2 connection.
 {"metadata":{"emulator":{"name":"firestore"},"message":"Sep 16, 2025 7:40:02 PM io.gapi.emulators.netty.HttpVersionRoutingHandler channelRead\nINFO: Detected non-HTTP/2 connection.\n"}}
[debug] [2025-09-16T19:40:03.860Z] Sep 16, 2025 7:40:03 PM io.gapi.emulators.netty.HttpVersionRoutingHandler channelRead
INFO: Detected non-HTTP/2 connection.
 {"metadata":{"emulator":{"name":"firestore"},"message":"Sep 16, 2025 7:40:03 PM io.gapi.emulators.netty.HttpVersionRoutingHandler channelRead\nINFO: Detected non-HTTP/2 connection.\n"}}
[debug] [2025-09-16T19:40:49.712Z] Sep 16, 2025 7:40:49 PM io.gapi.emulators.netty.HttpVersionRoutingHandler channelRead
INFO: Detected non-HTTP/2 connection.
 {"metadata":{"emulator":{"name":"firestore"},"message":"Sep 16, 2025 7:40:49 PM io.gapi.emulators.netty.HttpVersionRoutingHandler channelRead\nINFO: Detected non-HTTP/2 connection.\n"}}
[debug] [2025-09-16T19:41:03.083Z] Sep 16, 2025 7:41:03 PM io.gapi.emulators.netty.HttpVersionRoutingHandler channelRead
INFO: Detected non-HTTP/2 connection.
 {"metadata":{"emulator":{"name":"firestore"},"message":"Sep 16, 2025 7:41:03 PM io.gapi.emulators.netty.HttpVersionRoutingHandler channelRead\nINFO: Detected non-HTTP/2 connection.\n"}}
[debug] [2025-09-16T19:41:03.113Z] Sep 16, 2025 7:41:03 PM com.google.cloud.datastore.emulator.firestore.webchannel.FirestoreV1WebChannelAdapter$FirestoreListenHandler onClose
INFO: channel closed
 {"metadata":{"emulator":{"name":"firestore"},"message":"Sep 16, 2025 7:41:03 PM com.google.cloud.datastore.emulator.firestore.webchannel.FirestoreV1WebChannelAdapter$FirestoreListenHandler onClose\nINFO: channel closed\n"}}
[debug] [2025-09-16T19:47:36.593Z] Sep 16, 2025 7:47:36 PM io.gapi.emulators.netty.HttpVersionRoutingHandler channelRead
INFO: Detected non-HTTP/2 connection.
 {"metadata":{"emulator":{"name":"firestore"},"message":"Sep 16, 2025 7:47:36 PM io.gapi.emulators.netty.HttpVersionRoutingHandler channelRead\nINFO: Detected non-HTTP/2 connection.\n"}}
[debug] [2025-09-16T19:47:37.258Z] Sep 16, 2025 7:47:37 PM io.gapi.emulators.netty.HttpVersionRoutingHandler channelRead
INFO: Detected non-HTTP/2 connection.
 {"metadata":{"emulator":{"name":"firestore"},"message":"Sep 16, 2025 7:47:37 PM io.gapi.emulators.netty.HttpVersionRoutingHandler channelRead\nINFO: Detected non-HTTP/2 connection.\n"}}
[debug] [2025-09-16T19:47:37.996Z] Sep 16, 2025 7:47:37 PM io.gapi.emulators.netty.HttpVersionRoutingHandler channelRead
INFO: Detected non-HTTP/2 connection.
 {"metadata":{"emulator":{"name":"firestore"},"message":"Sep 16, 2025 7:47:37 PM io.gapi.emulators.netty.HttpVersionRoutingHandler channelRead\nINFO: Detected non-HTTP/2 connection.\n"}}
[debug] [2025-09-16T19:47:57.052Z] Sep 16, 2025 7:47:57 PM io.gapi.emulators.netty.HttpVersionRoutingHandler channelRead
INFO: Detected non-HTTP/2 connection.
 {"metadata":{"emulator":{"name":"firestore"},"message":"Sep 16, 2025 7:47:57 PM io.gapi.emulators.netty.HttpVersionRoutingHandler channelRead\nINFO: Detected non-HTTP/2 connection.\n"}}
[debug] [2025-09-16T19:47:57.103Z] Sep 16, 2025 7:47:57 PM com.google.cloud.datastore.emulator.firestore.webchannel.FirestoreV1WebChannelAdapter$FirestoreListenHandler onClose
INFO: channel closed
 {"metadata":{"emulator":{"name":"firestore"},"message":"Sep 16, 2025 7:47:57 PM com.google.cloud.datastore.emulator.firestore.webchannel.FirestoreV1WebChannelAdapter$FirestoreListenHandler onClose\nINFO: channel closed\n"}}
[debug] [2025-09-16T19:52:03.204Z] Sep 16, 2025 7:52:03 PM io.gapi.emulators.netty.HttpVersionRoutingHandler channelRead
INFO: Detected non-HTTP/2 connection.
 {"metadata":{"emulator":{"name":"firestore"},"message":"Sep 16, 2025 7:52:03 PM io.gapi.emulators.netty.HttpVersionRoutingHandler channelRead\nINFO: Detected non-HTTP/2 connection.\n"}}
[debug] [2025-09-16T19:52:03.652Z] Sep 16, 2025 7:52:03 PM io.gapi.emulators.netty.HttpVersionRoutingHandler channelRead
INFO: Detected non-HTTP/2 connection.
 {"metadata":{"emulator":{"name":"firestore"},"message":"Sep 16, 2025 7:52:03 PM io.gapi.emulators.netty.HttpVersionRoutingHandler channelRead\nINFO: Detected non-HTTP/2 connection.\n"}}
[debug] [2025-09-16T19:52:04.912Z] Sep 16, 2025 7:52:04 PM io.gapi.emulators.netty.HttpVersionRoutingHandler channelRead
INFO: Detected non-HTTP/2 connection.
 {"metadata":{"emulator":{"name":"firestore"},"message":"Sep 16, 2025 7:52:04 PM io.gapi.emulators.netty.HttpVersionRoutingHandler channelRead\nINFO: Detected non-HTTP/2 connection.\n"}}
[debug] [2025-09-16T19:52:51.651Z] Sep 16, 2025 7:52:51 PM io.gapi.emulators.netty.HttpVersionRoutingHandler channelRead
INFO: Detected non-HTTP/2 connection.
 {"metadata":{"emulator":{"name":"firestore"},"message":"Sep 16, 2025 7:52:51 PM io.gapi.emulators.netty.HttpVersionRoutingHandler channelRead\nINFO: Detected non-HTTP/2 connection.\n"}}
[debug] [2025-09-16T19:53:04.865Z] Sep 16, 2025 7:53:04 PM io.gapi.emulators.netty.HttpVersionRoutingHandler channelRead
INFO: Detected non-HTTP/2 connection.
 {"metadata":{"emulator":{"name":"firestore"},"message":"Sep 16, 2025 7:53:04 PM io.gapi.emulators.netty.HttpVersionRoutingHandler channelRead\nINFO: Detected non-HTTP/2 connection.\n"}}
[debug] [2025-09-16T19:53:04.908Z] Sep 16, 2025 7:53:04 PM com.google.cloud.datastore.emulator.firestore.webchannel.FirestoreV1WebChannelAdapter$FirestoreListenHandler onClose
INFO: channel closed
 {"metadata":{"emulator":{"name":"firestore"},"message":"Sep 16, 2025 7:53:04 PM com.google.cloud.datastore.emulator.firestore.webchannel.FirestoreV1WebChannelAdapter$FirestoreListenHandler onClose\nINFO: channel closed\n"}}
[debug] [2025-09-16T19:55:57.699Z] Sep 16, 2025 7:55:57 PM io.gapi.emulators.netty.HttpVersionRoutingHandler channelRead
INFO: Detected non-HTTP/2 connection.
 {"metadata":{"emulator":{"name":"firestore"},"message":"Sep 16, 2025 7:55:57 PM io.gapi.emulators.netty.HttpVersionRoutingHandler channelRead\nINFO: Detected non-HTTP/2 connection.\n"}}
[debug] [2025-09-16T19:55:58.182Z] Sep 16, 2025 7:55:58 PM io.gapi.emulators.netty.HttpVersionRoutingHandler channelRead
INFO: Detected non-HTTP/2 connection.
 {"metadata":{"emulator":{"name":"firestore"},"message":"Sep 16, 2025 7:55:58 PM io.gapi.emulators.netty.HttpVersionRoutingHandler channelRead\nINFO: Detected non-HTTP/2 connection.\n"}}
[debug] [2025-09-16T19:55:59.008Z] Sep 16, 2025 7:55:59 PM io.gapi.emulators.netty.HttpVersionRoutingHandler channelRead
INFO: Detected non-HTTP/2 connection.
 {"metadata":{"emulator":{"name":"firestore"},"message":"Sep 16, 2025 7:55:59 PM io.gapi.emulators.netty.HttpVersionRoutingHandler channelRead\nINFO: Detected non-HTTP/2 connection.\n"}}
[debug] [2025-09-16T19:56:12.271Z] Sep 16, 2025 7:56:12 PM io.gapi.emulators.netty.HttpVersionRoutingHandler channelRead
INFO: Detected non-HTTP/2 connection.
 {"metadata":{"emulator":{"name":"firestore"},"message":"Sep 16, 2025 7:56:12 PM io.gapi.emulators.netty.HttpVersionRoutingHandler channelRead\nINFO: Detected non-HTTP/2 connection.\n"}}
[debug] [2025-09-16T19:56:12.631Z] Sep 16, 2025 7:56:12 PM io.gapi.emulators.netty.HttpVersionRoutingHandler channelRead
INFO: Detected non-HTTP/2 connection.
 {"metadata":{"emulator":{"name":"firestore"},"message":"Sep 16, 2025 7:56:12 PM io.gapi.emulators.netty.HttpVersionRoutingHandler channelRead\nINFO: Detected non-HTTP/2 connection.\n"}}
[debug] [2025-09-16T19:56:13.488Z] Sep 16, 2025 7:56:13 PM io.gapi.emulators.netty.HttpVersionRoutingHandler channelRead
INFO: Detected non-HTTP/2 connection.
 {"metadata":{"emulator":{"name":"firestore"},"message":"Sep 16, 2025 7:56:13 PM io.gapi.emulators.netty.HttpVersionRoutingHandler channelRead\nINFO: Detected non-HTTP/2 connection.\n"}}
[debug] [2025-09-16T19:56:22.479Z] Sep 16, 2025 7:56:22 PM io.gapi.emulators.netty.HttpVersionRoutingHandler channelRead
INFO: Detected non-HTTP/2 connection.
 {"metadata":{"emulator":{"name":"firestore"},"message":"Sep 16, 2025 7:56:22 PM io.gapi.emulators.netty.HttpVersionRoutingHandler channelRead\nINFO: Detected non-HTTP/2 connection.\n"}}
[debug] [2025-09-16T19:56:22.774Z] Sep 16, 2025 7:56:22 PM io.gapi.emulators.netty.HttpVersionRoutingHandler channelRead
INFO: Detected non-HTTP/2 connection.
 {"metadata":{"emulator":{"name":"firestore"},"message":"Sep 16, 2025 7:56:22 PM io.gapi.emulators.netty.HttpVersionRoutingHandler channelRead\nINFO: Detected non-HTTP/2 connection.\n"}}
[debug] [2025-09-16T19:56:23.654Z] Sep 16, 2025 7:56:23 PM io.gapi.emulators.netty.HttpVersionRoutingHandler channelRead
INFO: Detected non-HTTP/2 connection.
 {"metadata":{"emulator":{"name":"firestore"},"message":"Sep 16, 2025 7:56:23 PM io.gapi.emulators.netty.HttpVersionRoutingHandler channelRead\nINFO: Detected non-HTTP/2 connection.\n"}}
[debug] [2025-09-16T19:56:37.584Z] Sep 16, 2025 7:56:37 PM io.gapi.emulators.netty.HttpVersionRoutingHandler channelRead
INFO: Detected non-HTTP/2 connection.
 {"metadata":{"emulator":{"name":"firestore"},"message":"Sep 16, 2025 7:56:37 PM io.gapi.emulators.netty.HttpVersionRoutingHandler channelRead\nINFO: Detected non-HTTP/2 connection.\n"}}
[debug] [2025-09-16T19:56:37.677Z] Sep 16, 2025 7:56:37 PM com.google.cloud.datastore.emulator.firestore.webchannel.FirestoreV1WebChannelAdapter$FirestoreListenHandler onClose
INFO: channel closed
 {"metadata":{"emulator":{"name":"firestore"},"message":"Sep 16, 2025 7:56:37 PM com.google.cloud.datastore.emulator.firestore.webchannel.FirestoreV1WebChannelAdapter$FirestoreListenHandler onClose\nINFO: channel closed\n"}}
[debug] [2025-09-16T20:04:28.923Z] Sep 16, 2025 8:04:28 PM io.gapi.emulators.netty.HttpVersionRoutingHandler channelRead
INFO: Detected non-HTTP/2 connection.
 {"metadata":{"emulator":{"name":"firestore"},"message":"Sep 16, 2025 8:04:28 PM io.gapi.emulators.netty.HttpVersionRoutingHandler channelRead\nINFO: Detected non-HTTP/2 connection.\n"}}
[debug] [2025-09-16T20:04:29.505Z] Sep 16, 2025 8:04:29 PM io.gapi.emulators.netty.HttpVersionRoutingHandler channelRead
INFO: Detected non-HTTP/2 connection.
 {"metadata":{"emulator":{"name":"firestore"},"message":"Sep 16, 2025 8:04:29 PM io.gapi.emulators.netty.HttpVersionRoutingHandler channelRead\nINFO: Detected non-HTTP/2 connection.\n"}}
[debug] [2025-09-16T20:04:30.943Z] Sep 16, 2025 8:04:30 PM io.gapi.emulators.netty.HttpVersionRoutingHandler channelRead
INFO: Detected non-HTTP/2 connection.
 {"metadata":{"emulator":{"name":"firestore"},"message":"Sep 16, 2025 8:04:30 PM io.gapi.emulators.netty.HttpVersionRoutingHandler channelRead\nINFO: Detected non-HTTP/2 connection.\n"}}
[debug] [2025-09-16T20:04:45.974Z] Sep 16, 2025 8:04:45 PM io.gapi.emulators.netty.HttpVersionRoutingHandler channelRead
INFO: Detected non-HTTP/2 connection.
 {"metadata":{"emulator":{"name":"firestore"},"message":"Sep 16, 2025 8:04:45 PM io.gapi.emulators.netty.HttpVersionRoutingHandler channelRead\nINFO: Detected non-HTTP/2 connection.\n"}}
[debug] [2025-09-16T20:04:45.996Z] Sep 16, 2025 8:04:45 PM com.google.cloud.datastore.emulator.firestore.webchannel.FirestoreV1WebChannelAdapter$FirestoreListenHandler onClose
INFO: channel closed
 {"metadata":{"emulator":{"name":"firestore"},"message":"Sep 16, 2025 8:04:45 PM com.google.cloud.datastore.emulator.firestore.webchannel.FirestoreV1WebChannelAdapter$FirestoreListenHandler onClose\nINFO: channel closed\n"}}
